<?xml version="1.0" encoding="UTF-8"?>
<coverage generated="1738854810498" clover="3.2.0">
  <project timestamp="1738854810498" name="All files">
    <metrics statements="20" coveredstatements="20" conditionals="8" coveredconditionals="8" methods="1" coveredmethods="1" elements="29" coveredelements="29" complexity="0" loc="20" ncloc="20" packages="1" files="1" classes="1"/>
    <file name="constants.ts" path="C:\Users\musav\OneDrive\Desktop\turf\turf-synkerhub\src\constants.ts">
      <metrics statements="20" coveredstatements="20" conditionals="8" coveredconditionals="8" methods="1" coveredmethods="1"/>
      <line num="1" count="1" type="stmt"/>
      <line num="3" count="1" type="stmt"/>
      <line num="25" count="1" type="stmt"/>
      <line num="41" count="1" type="stmt"/>
      <line num="47" count="1" type="stmt"/>
      <line num="64" count="1" type="stmt"/>
      <line num="75" count="1" type="stmt"/>
      <line num="79" count="1" type="stmt"/>
      <line num="94" count="1" type="stmt"/>
      <line num="100" count="1" type="stmt"/>
      <line num="113" count="1" type="stmt"/>
      <line num="114" count="8" type="cond" truecount="1" falsecount="0"/>
      <line num="115" count="7" type="cond" truecount="1" falsecount="0"/>
      <line num="116" count="6" type="cond" truecount="1" falsecount="0"/>
      <line num="117" count="5" type="cond" truecount="1" falsecount="0"/>
      <line num="118" count="4" type="cond" truecount="1" falsecount="0"/>
      <line num="119" count="3" type="cond" truecount="1" falsecount="0"/>
      <line num="120" count="2" type="cond" truecount="1" falsecount="0"/>
      <line num="121" count="1" type="cond" truecount="1" falsecount="0"/>
      <line num="124" count="1" type="stmt"/>
    </file>
  </project>
</coverage>
