{"C:\\Users\\musav\\OneDrive\\Desktop\\turf\\turf-synkerhub\\src\\constants.ts": {"path":"C:\\Users\\musav\\OneDrive\\Desktop\\turf\\turf-synkerhub\\src\\constants.ts","statementMap":{"0":{"start":{"line":1,"column":0},"end":{"line":1,"column":27}},"1":{"start":{"line":3,"column":13},"end":{"line":23,"column":3}},"2":{"start":{"line":25,"column":13},"end":{"line":39,"column":3}},"3":{"start":{"line":41,"column":13},"end":{"line":45,"column":3}},"4":{"start":{"line":47,"column":13},"end":{"line":62,"column":3}},"5":{"start":{"line":64,"column":13},"end":{"line":73,"column":3}},"6":{"start":{"line":75,"column":13},"end":{"line":77,"column":3}},"7":{"start":{"line":79,"column":13},"end":{"line":92,"column":2}},"8":{"start":{"line":94,"column":13},"end":{"line":98,"column":3}},"9":{"start":{"line":100,"column":13},"end":{"line":111,"column":3}},"10":{"start":{"line":113,"column":22},"end":{"line":122,"column":1}},"11":{"start":{"line":114,"column":2},"end":{"line":114,"column":26}},"12":{"start":{"line":114,"column":15},"end":{"line":114,"column":26}},"13":{"start":{"line":115,"column":2},"end":{"line":115,"column":35}},"14":{"start":{"line":115,"column":22},"end":{"line":115,"column":35}},"15":{"start":{"line":116,"column":2},"end":{"line":116,"column":35}},"16":{"start":{"line":116,"column":22},"end":{"line":116,"column":35}},"17":{"start":{"line":117,"column":2},"end":{"line":117,"column":35}},"18":{"start":{"line":117,"column":22},"end":{"line":117,"column":35}},"19":{"start":{"line":118,"column":2},"end":{"line":118,"column":35}},"20":{"start":{"line":118,"column":22},"end":{"line":118,"column":35}},"21":{"start":{"line":119,"column":2},"end":{"line":119,"column":35}},"22":{"start":{"line":119,"column":22},"end":{"line":119,"column":35}},"23":{"start":{"line":120,"column":2},"end":{"line":120,"column":35}},"24":{"start":{"line":120,"column":22},"end":{"line":120,"column":35}},"25":{"start":{"line":121,"column":2},"end":{"line":121,"column":35}},"26":{"start":{"line":121,"column":22},"end":{"line":121,"column":35}},"27":{"start":{"line":113,"column":13},"end":{"line":113,"column":22}},"28":{"start":{"line":124,"column":13},"end":{"line":124,"column":56}}},"fnMap":{"0":{"name":"(anonymous_0)","decl":{"start":{"line":113,"column":22},"end":{"line":113,"column":23}},"loc":{"start":{"line":113,"column":41},"end":{"line":122,"column":1}}}},"branchMap":{"0":{"loc":{"start":{"line":114,"column":2},"end":{"line":114,"column":26}},"type":"if","locations":[{"start":{"line":114,"column":2},"end":{"line":114,"column":26}}]},"1":{"loc":{"start":{"line":115,"column":2},"end":{"line":115,"column":35}},"type":"if","locations":[{"start":{"line":115,"column":2},"end":{"line":115,"column":35}}]},"2":{"loc":{"start":{"line":116,"column":2},"end":{"line":116,"column":35}},"type":"if","locations":[{"start":{"line":116,"column":2},"end":{"line":116,"column":35}}]},"3":{"loc":{"start":{"line":117,"column":2},"end":{"line":117,"column":35}},"type":"if","locations":[{"start":{"line":117,"column":2},"end":{"line":117,"column":35}}]},"4":{"loc":{"start":{"line":118,"column":2},"end":{"line":118,"column":35}},"type":"if","locations":[{"start":{"line":118,"column":2},"end":{"line":118,"column":35}}]},"5":{"loc":{"start":{"line":119,"column":2},"end":{"line":119,"column":35}},"type":"if","locations":[{"start":{"line":119,"column":2},"end":{"line":119,"column":35}}]},"6":{"loc":{"start":{"line":120,"column":2},"end":{"line":120,"column":35}},"type":"if","locations":[{"start":{"line":120,"column":2},"end":{"line":120,"column":35}}]},"7":{"loc":{"start":{"line":121,"column":2},"end":{"line":121,"column":35}},"type":"if","locations":[{"start":{"line":121,"column":2},"end":{"line":121,"column":35}}]}},"s":{"0":1,"1":1,"2":1,"3":1,"4":1,"5":1,"6":1,"7":1,"8":1,"9":1,"10":1,"11":8,"12":1,"13":7,"14":1,"15":6,"16":1,"17":5,"18":1,"19":4,"20":1,"21":3,"22":1,"23":2,"24":1,"25":1,"26":1,"27":1,"28":1},"f":{"0":8},"b":{"0":[1],"1":[1],"2":[1],"3":[1],"4":[1],"5":[1],"6":[1],"7":[1]}}
}
